Start testing: Oct 12 08:43 UTC
----------------------------------------------------------
1/4 Testing: flake8
1/4 Test: flake8
Command: "/usr/bin/python3.10" "-u" "/opt/ros/humble/share/ament_cmake_test/cmake/run_test.py" "/home/user/ros2_ws/build/my_tf2_ros2_course_pkg/test_results/my_tf2_ros2_course_pkg/flake8.xunit.xml" "--package-name" "my_tf2_ros2_course_pkg" "--output-file" "/home/user/ros2_ws/build/my_tf2_ros2_course_pkg/ament_flake8/flake8.txt" "--command" "/opt/ros/humble/bin/ament_flake8" "--xunit-file" "/home/user/ros2_ws/build/my_tf2_ros2_course_pkg/test_results/my_tf2_ros2_course_pkg/flake8.xunit.xml"
Directory: /home/user/ros2_ws/src/my_tf2_ros2_course_pkg
"flake8" start time: Oct 12 08:43 UTC
Output:
----------------------------------------------------------
-- run_test.py: invoking following command in '/home/user/ros2_ws/src/my_tf2_ros2_course_pkg':
 - /opt/ros/humble/bin/ament_flake8 --xunit-file /home/user/ros2_ws/build/my_tf2_ros2_course_pkg/test_results/my_tf2_ros2_course_pkg/flake8.xunit.xml
import sys
^
import rclpy 
            ^
from rclpy.node import Node 
                           ^
class CamBotOdomToTF(Node):
^
        self.transform_stamped=TransformStamped()
                              ^
        self.transform_stamped.header.frame_id="world"
                                              ^
        self.transform_stamped.child_frame_id= self._robot_base_frame
                                             ^
        self.subscriber=self.create_subscription(Odometry, '/cam_bot_odom', self.odom_callback, QoSProfile(depth=1, reliability=ReliabilityPolicy.RELIABLE, durability=DurabilityPolicy.VOLATILE))
                       ^
        self.subscriber=self.create_subscription(Odometry, '/cam_bot_odom', self.odom_callback, QoSProfile(depth=1, reliability=ReliabilityPolicy.RELIABLE, durability=DurabilityPolicy.VOLATILE))
                                                                                                   ^
        self.br=tf2_ros.TransformBroadcaster(self)
               ^
    def odom_callback(self, msg):
    ^
        self.cam_bot_odom=msg
                         ^
        self.get_logger().info("Odom, Value: %s" %(self.cam_bot_odom))
                                                  ^
    def broadcast_new_tf(self):
    ^
        position=self.cam_bot_odom.pose.pose.position
                ^
        orientation=self.cam_bot_odom.pose.pose.orientation
                   ^
        self.transform_stamped.header.stamp=self.get_clock().now().to_msg()
                                           ^
        self.transform_stamped.transform.translation.x=position.x
                                                      ^
        self.transform_stamped.transform.translation.y=position.y
                                                      ^
        self.transform_stamped.transform.translation.z=position.z
                                                      ^
        self.transform_stamped.transform.rotation.x=orientation.x
                                                   ^
        self.transform_stamped.transform.rotation.y=orientation.y
                                                   ^
        self.transform_stamped.transform.rotation.z=orientation.z
                                                   ^
        self.transform_stamped.transform.rotation.w=orientation.w
                                                   ^
def main(arg=None):
^
    odom_to_tf_obj=CamBotOdomToTF()
                  ^
if __name__=='__main__':
^
if __name__=='__main__':
           ^
    main()          ^
import sys
^
        
^
        # A `TransformStamped` object is a ROS message that represents a transformation between two frames.
                                                                                                   ^
        # The `header.frame_id` attribute specifies the frame in which the transformation is defined.
                                                                                                   ^
            QoSProfile(depth=1, durability=DurabilityPolicy.VOLATILE, reliability=ReliabilityPolicy.BEST_EFFORT))
                                                                                                   ^
if __name__ == '__main__':
^
19    E225 missing whitespace around operator
2     E301 expected 1 blank line, found 0
2     E302 expected 2 blank lines, found 1
2     E305 expected 2 blank lines after class or function definition, found 0
4     E501 line too long (194 > 99 characters)
2     F401 'sys' imported but unused
2     W291 trailing whitespace
1     W292 no newline at end of file
1     W293 blank line contains whitespace

./scripts/cam_bot_odom_to_tf_pub.py:2:1: F401 'sys' imported but unused

./scripts/cam_bot_odom_to_tf_pub.py:3:13: W291 trailing whitespace

./scripts/cam_bot_odom_to_tf_pub.py:4:28: W291 trailing whitespace

./scripts/cam_bot_odom_to_tf_pub.py:10:1: E302 expected 2 blank lines, found 1

./scripts/cam_bot_odom_to_tf_pub.py:14:31: E225 missing whitespace around operator

./scripts/cam_bot_odom_to_tf_pub.py:15:47: E225 missing whitespace around operator

./scripts/cam_bot_odom_to_tf_pub.py:16:46: E225 missing whitespace around operator

./scripts/cam_bot_odom_to_tf_pub.py:17:24: E225 missing whitespace around operator

./scripts/cam_bot_odom_to_tf_pub.py:17:100: E501 line too long (194 > 99 characters)

./scripts/cam_bot_odom_to_tf_pub.py:18:16: E225 missing whitespace around operator

./scripts/cam_bot_odom_to_tf_pub.py:20:5: E301 expected 1 blank line, found 0

./scripts/cam_bot_odom_to_tf_pub.py:21:26: E225 missing whitespace around operator

./scripts/cam_bot_odom_to_tf_pub.py:22:51: E225 missing whitespace around operator

./scripts/cam_bot_odom_to_tf_pub.py:24:5: E301 expected 1 blank line, found 0

./scripts/cam_bot_odom_to_tf_pub.py:25:17: E225 missing whitespace around operator

./scripts/cam_bot_odom_to_tf_pub.py:26:20: E225 missing whitespace around operator

./scripts/cam_bot_odom_to_tf_pub.py:27:44: E225 missing whitespace around operator

./scripts/cam_bot_odom_to_tf_pub.py:28:55: E225 missing whitespace around operator

./scripts/cam_bot_odom_to_tf_pub.py:29:55: E225 missing whitespace around operator

./scripts/cam_bot_odom_to_tf_pub.py:30:55: E225 missing whitespace around operator

./scripts/cam_bot_odom_to_tf_pub.py:32:52: E225 missing whitespace around operator

./scripts/cam_bot_odom_to_tf_pub.py:33:52: E225 missing whitespace around operator

./scripts/cam_bot_odom_to_tf_pub.py:34:52: E225 missing whitespace around operator

./scripts/cam_bot_odom_to_tf_pub.py:35:52: E225 missing whitespace around operator

./scripts/cam_bot_odom_to_tf_pub.py:37:1: E302 expected 2 blank lines, found 0

./scripts/cam_bot_odom_to_tf_pub.py:39:19: E225 missing whitespace around operator

./scripts/cam_bot_odom_to_tf_pub.py:41:1: E305 expected 2 blank lines after class or function definition, found 0

./scripts/cam_bot_odom_to_tf_pub.py:41:12: E225 missing whitespace around operator

./scripts/cam_bot_odom_to_tf_pub.py:42:11: W292 no newline at end of file

./scripts/cam_bot_odom_to_tf_pub_late_tf_fixed.py:3:1: F401 'sys' imported but unused

./scripts/cam_bot_odom_to_tf_pub_late_tf_fixed.py:18:1: W293 blank line contains whitespace

./scripts/cam_bot_odom_to_tf_pub_late_tf_fixed.py:20:100: E501 line too long (107 > 99 characters)

./scripts/cam_bot_odom_to_tf_pub_late_tf_fixed.py:23:100: E501 line too long (101 > 99 characters)

./scripts/cam_bot_odom_to_tf_pub_late_tf_fixed.py:35:100: E501 line too long (113 > 99 characters)

./scripts/cam_bot_odom_to_tf_pub_late_tf_fixed.py:86:1: E305 expected 2 blank lines after class or function definition, found 1


3 files checked
35 errors

'E'-type errors: 29
'F'-type errors: 2
'W'-type errors: 4

Checked files:

* ./launch/publish_static_transformom_odom_to_world.launch.py
* ./scripts/cam_bot_odom_to_tf_pub.py
* ./scripts/cam_bot_odom_to_tf_pub_late_tf_fixed.py
-- run_test.py: return code 1
-- run_test.py: verify result file '/home/user/ros2_ws/build/my_tf2_ros2_course_pkg/test_results/my_tf2_ros2_course_pkg/flake8.xunit.xml'
<end of output>
Test time =   0.45 sec
----------------------------------------------------------
Test Failed.
"flake8" end time: Oct 12 08:43 UTC
"flake8" time elapsed: 00:00:00
----------------------------------------------------------

2/4 Testing: lint_cmake
2/4 Test: lint_cmake
Command: "/usr/bin/python3.10" "-u" "/opt/ros/humble/share/ament_cmake_test/cmake/run_test.py" "/home/user/ros2_ws/build/my_tf2_ros2_course_pkg/test_results/my_tf2_ros2_course_pkg/lint_cmake.xunit.xml" "--package-name" "my_tf2_ros2_course_pkg" "--output-file" "/home/user/ros2_ws/build/my_tf2_ros2_course_pkg/ament_lint_cmake/lint_cmake.txt" "--command" "/opt/ros/humble/bin/ament_lint_cmake" "--xunit-file" "/home/user/ros2_ws/build/my_tf2_ros2_course_pkg/test_results/my_tf2_ros2_course_pkg/lint_cmake.xunit.xml"
Directory: /home/user/ros2_ws/src/my_tf2_ros2_course_pkg
"lint_cmake" start time: Oct 12 08:43 UTC
Output:
----------------------------------------------------------
-- run_test.py: invoking following command in '/home/user/ros2_ws/src/my_tf2_ros2_course_pkg':
 - /opt/ros/humble/bin/ament_lint_cmake --xunit-file /home/user/ros2_ws/build/my_tf2_ros2_course_pkg/test_results/my_tf2_ros2_course_pkg/lint_cmake.xunit.xml
CMakeLists.txt:26: Tab found; please use spaces [whitespace/tabs]
CMakeLists.txt:27: Tab found; please use spaces [whitespace/tabs]
CMakeLists.txt:28: Tab found; please use spaces [whitespace/tabs]


3 errors
-- run_test.py: return code 1
-- run_test.py: verify result file '/home/user/ros2_ws/build/my_tf2_ros2_course_pkg/test_results/my_tf2_ros2_course_pkg/lint_cmake.xunit.xml'
<end of output>
Test time =   0.21 sec
----------------------------------------------------------
Test Failed.
"lint_cmake" end time: Oct 12 08:43 UTC
"lint_cmake" time elapsed: 00:00:00
----------------------------------------------------------

3/4 Testing: pep257
3/4 Test: pep257
Command: "/usr/bin/python3.10" "-u" "/opt/ros/humble/share/ament_cmake_test/cmake/run_test.py" "/home/user/ros2_ws/build/my_tf2_ros2_course_pkg/test_results/my_tf2_ros2_course_pkg/pep257.xunit.xml" "--package-name" "my_tf2_ros2_course_pkg" "--output-file" "/home/user/ros2_ws/build/my_tf2_ros2_course_pkg/ament_pep257/pep257.txt" "--command" "/opt/ros/humble/bin/ament_pep257" "--xunit-file" "/home/user/ros2_ws/build/my_tf2_ros2_course_pkg/test_results/my_tf2_ros2_course_pkg/pep257.xunit.xml"
Directory: /home/user/ros2_ws/src/my_tf2_ros2_course_pkg
"pep257" start time: Oct 12 08:43 UTC
Output:
----------------------------------------------------------
-- run_test.py: invoking following command in '/home/user/ros2_ws/src/my_tf2_ros2_course_pkg':
 - /opt/ros/humble/bin/ament_pep257 --xunit-file /home/user/ros2_ws/build/my_tf2_ros2_course_pkg/test_results/my_tf2_ros2_course_pkg/pep257.xunit.xml
checking ./launch/publish_static_transformom_odom_to_world.launch.py
checking ./scripts/cam_bot_odom_to_tf_pub.py
checking ./scripts/cam_bot_odom_to_tf_pub_late_tf_fixed.py
./scripts/cam_bot_odom_to_tf_pub_late_tf_fixed.py:50 in public method `broadcast_new_tf`: D200: One-line docstring should fit on one line with quotes (found 3)
./scripts/cam_bot_odom_to_tf_pub_late_tf_fixed.py:50 in public method `broadcast_new_tf`: D202: No blank lines allowed after function docstring (found 1)
./scripts/cam_bot_odom_to_tf_pub_late_tf_fixed.py:50 in public method `broadcast_new_tf`: D401: First line should be in imperative mood; try rephrasing (found 'This')
3 errors
-- run_test.py: return code 1
-- run_test.py: verify result file '/home/user/ros2_ws/build/my_tf2_ros2_course_pkg/test_results/my_tf2_ros2_course_pkg/pep257.xunit.xml'
<end of output>
Test time =   0.61 sec
----------------------------------------------------------
Test Failed.
"pep257" end time: Oct 12 08:43 UTC
"pep257" time elapsed: 00:00:00
----------------------------------------------------------

4/4 Testing: xmllint
4/4 Test: xmllint
Command: "/usr/bin/python3.10" "-u" "/opt/ros/humble/share/ament_cmake_test/cmake/run_test.py" "/home/user/ros2_ws/build/my_tf2_ros2_course_pkg/test_results/my_tf2_ros2_course_pkg/xmllint.xunit.xml" "--package-name" "my_tf2_ros2_course_pkg" "--output-file" "/home/user/ros2_ws/build/my_tf2_ros2_course_pkg/ament_xmllint/xmllint.txt" "--command" "/opt/ros/humble/bin/ament_xmllint" "--xunit-file" "/home/user/ros2_ws/build/my_tf2_ros2_course_pkg/test_results/my_tf2_ros2_course_pkg/xmllint.xunit.xml"
Directory: /home/user/ros2_ws/src/my_tf2_ros2_course_pkg
"xmllint" start time: Oct 12 08:43 UTC
Output:
----------------------------------------------------------
-- run_test.py: invoking following command in '/home/user/ros2_ws/src/my_tf2_ros2_course_pkg':
 - /opt/ros/humble/bin/ament_xmllint --xunit-file /home/user/ros2_ws/build/my_tf2_ros2_course_pkg/test_results/my_tf2_ros2_course_pkg/xmllint.xunit.xml
File 'package.xml' is valid

No problems found
-- run_test.py: return code 0
-- run_test.py: verify result file '/home/user/ros2_ws/build/my_tf2_ros2_course_pkg/test_results/my_tf2_ros2_course_pkg/xmllint.xunit.xml'
<end of output>
Test time =   0.84 sec
----------------------------------------------------------
Test Passed.
"xmllint" end time: Oct 12 08:43 UTC
"xmllint" time elapsed: 00:00:00
----------------------------------------------------------

End testing: Oct 12 08:43 UTC

flake8 =   0.45 sec*proc

lint_cmake =   0.21 sec*proc

linter =   2.11 sec*proc

pep257 =   0.61 sec*proc

xmllint =   0.84 sec*proc

